[12-08 14:13:54]: [INFO] Created column 'regdate' and set the current timestamp, 1733667234708, to all 0 rows
[12-08 14:13:54]: [INFO] SQLite Setup finished
[12-08 14:13:54]: [INFO] No supported permissions system found! Permissions are disabled!
[12-08 14:13:54]: [INFO] Hooked successfully into Essentials
[12-08 14:13:54]: [INFO] Hooked successfully into Multiverse-Core
[12-08 14:13:54]: [INFO] Essentials spawn file not found: '/home/runner/work/MC-Server-1/MC-Server-1/plugins/Essentials/spawn.yml'
[12-08 14:13:55]: [INFO] AuthMe 5.6.0 build n.CUSTOM successfully enabled!
[12-08 14:13:57]: [INFO] Downloading GEO IP database, because the old database is older than 30 days or doesn't exist
[12-08 14:13:57]: [WARN] No MaxMind credentials found in the configuration file! GeoIp protections will be disabled.
[12-08 14:13:57]: [INFO] There is no newer GEO IP database uploaded to MaxMind. Using the old one for now.
[12-08 14:13:57]: [WARN] Could not download GeoLiteAPI database [FileNotFoundException]: plugins/AuthMe/GeoLite2-Country.mmdb (No such file or directory)
[12-08 14:13:57]: java.io.FileNotFoundException: plugins/AuthMe/GeoLite2-Country.mmdb (No such file or directory)
	at java.base/java.io.RandomAccessFile.open0(Native Method)
	at java.base/java.io.RandomAccessFile.open(RandomAccessFile.java:356)
	at java.base/java.io.RandomAccessFile.<init>(RandomAccessFile.java:273)
	at java.base/java.io.RandomAccessFile.<init>(RandomAccessFile.java:223)
	at AuthMe.jar//fr.xephi.authme.libs.com.maxmind.db.BufferHolder.<init>(BufferHolder.java:20)
	at AuthMe.jar//fr.xephi.authme.libs.com.maxmind.db.Reader.<init>(Reader.java:121)
	at AuthMe.jar//fr.xephi.authme.service.GeoIpService.startReading(GeoIpService.java:179)
	at AuthMe.jar//fr.xephi.authme.service.GeoIpService.updateDatabase(GeoIpService.java:150)
	at org.bukkit.craftbukkit.scheduler.CraftTask.run(CraftTask.java:86)
	at org.bukkit.craftbukkit.scheduler.CraftAsyncTask.run(CraftAsyncTask.java:57)
	at com.destroystokyo.paper.ServerSchedulerReportingWrapper.run(ServerSchedulerReportingWrapper.java:22)
	at java.base/java.util.concurrent.ThreadPoolExecutor.runWorker(ThreadPoolExecutor.java:1144)
	at java.base/java.util.concurrent.ThreadPoolExecutor$Worker.run(ThreadPoolExecutor.java:642)
	at java.base/java.lang.Thread.run(Thread.java:1583)

[12-08 14:14:29]: [FINE] InventoStarz registered 127.0.0.1
[12-08 14:14:29]: [FINE] InventoStarz logged in 127.0.0.1
[12-08 14:14:49]: [FINE] BloodyDeus registered 127.0.0.1
[12-08 14:14:49]: [FINE] The user BloodyDeus has 2 accounts:
[12-08 14:14:49]: [FINE] §7§aInventoStarz§7, §aBloodyDeus§7.
[12-08 14:14:49]: [FINE] BloodyDeus logged in 127.0.0.1
[12-08 14:20:22]: [FINE] The user BloodyDeus has 2 accounts:
[12-08 14:20:22]: [FINE] §7§aInventoStarz§7, §aBloodyDeus§7.
[12-08 14:20:22]: [FINE] BloodyDeus logged in 127.0.0.1
[12-08 14:27:45]: [FINE] The user BloodyDeus has 2 accounts:
[12-08 14:27:45]: [FINE] §7§aInventoStarz§7, §aBloodyDeus§7.
[12-08 14:27:45]: [FINE] BloodyDeus logged in 127.0.0.1
