Starting commit loop.....
error: cannot pull with rebase: You have unstaged changes.
error: Please commit or stash them.
[master 3cd5bac] Auto-update server changes
 12 files changed, 460 insertions(+), 278 deletions(-)
 create mode 100644 commit.log
 create mode 100644 commit_loop.pid
 create mode 100644 logs/2024-09-04-2.log.gz
 create mode 100644 minecraft_server.pid
 rename plugins/spark/tmp-client/{spark-2ea8074d6d-libasyncProfiler.so.tmp => spark-365162820e-libasyncProfiler.so.tmp} (100%)
 rename plugins/spark/tmp-client/{spark-f258d031fc-profile-data.jfr.tmp => spark-44bc13cda7-profile-data.jfr.tmp} (60%)
 create mode 100644 server.log
To https://github.com/Abhinav2011VS/MC-Server-1
   46b9d47..3cd5bac  master -> master
error: cannot pull with rebase: You have unstaged changes.
error: Please commit or stash them.
[master 82f3dae] Auto-update server changes
 2 files changed, 13 insertions(+)
 rename plugins/spark/tmp-client/{spark-44bc13cda7-profile-data.jfr.tmp => spark-52b3f07e2c-profile-data.jfr.tmp} (58%)
To https://github.com/Abhinav2011VS/MC-Server-1
   3cd5bac..82f3dae  master -> master
error: cannot pull with rebase: You have unstaged changes.
error: Please commit or stash them.
[master 6e41900] Auto-update server changes
 7 files changed, 75 insertions(+), 1 deletion(-)
 rename plugins/spark/tmp-client/{spark-52b3f07e2c-profile-data.jfr.tmp => spark-60ac2a0c7a-profile-data.jfr.tmp} (58%)
To https://github.com/Abhinav2011VS/MC-Server-1
   82f3dae..6e41900  master -> master
error: cannot pull with rebase: You have unstaged changes.
error: Please commit or stash them.
[master d7af91a] Auto-update server changes
 4 files changed, 21 insertions(+)
 rename plugins/spark/tmp-client/{spark-60ac2a0c7a-profile-data.jfr.tmp => spark-6ea4931fd6-profile-data.jfr.tmp} (62%)
To https://github.com/Abhinav2011VS/MC-Server-1
   6e41900..d7af91a  master -> master
error: cannot pull with rebase: You have unstaged changes.
error: Please commit or stash them.
fatal: confused by unstable object source data for e0b3f30fc82a78384e2b327b02d62d6768bff885
On branch master
Your branch is up to date with 'origin/master'.

Changes not staged for commit:
  (use "git add/rm <file>..." to update what will be committed)
  (use "git restore <file>..." to discard changes in working directory)
	modified:   commit.log
	modified:   logs/latest.log
	modified:   plugins/AuthMe/authme.db
	deleted:    plugins/spark/tmp-client/spark-6ea4931fd6-profile-data.jfr.tmp
	modified:   server.log
	modified:   world/advancements/14920dfc-e534-38a1-91e0-3aed4442bb9c.json
	modified:   world/advancements/37fad011-70c6-396d-ad5b-a02a1e9fca51.json
	modified:   world/data/raids.dat
	modified:   world/data/random_sequences.dat
	modified:   world/entities/r.-1.-3.mca
	modified:   world/entities/r.-1.-4.mca
	modified:   world/entities/r.-2.-3.mca
	modified:   world/entities/r.0.-3.mca
	modified:   world/level.dat
	modified:   world/level.dat_old
	modified:   world/playerdata/14920dfc-e534-38a1-91e0-3aed4442bb9c.dat
	modified:   world/playerdata/14920dfc-e534-38a1-91e0-3aed4442bb9c.dat_old
	modified:   world/playerdata/37fad011-70c6-396d-ad5b-a02a1e9fca51.dat
	modified:   world/playerdata/37fad011-70c6-396d-ad5b-a02a1e9fca51.dat_old
	modified:   world/region/r.-1.-2.mca
	modified:   world/region/r.-1.-3.mca
	modified:   world/region/r.-1.-4.mca
	modified:   world/region/r.-2.-3.mca
	modified:   world/region/r.0.-1.mca
	modified:   world/region/r.0.-2.mca
	modified:   world/region/r.0.-3.mca
	modified:   world/stats/14920dfc-e534-38a1-91e0-3aed4442bb9c.json
	modified:   world/stats/37fad011-70c6-396d-ad5b-a02a1e9fca51.json
	modified:   world_nether/DIM-1/data/raids.dat
	modified:   world_nether/DIM-1/region/r.-1.-1.mca
	modified:   world_nether/DIM-1/region/r.-1.0.mca
	modified:   world_nether/DIM-1/region/r.0.-1.mca
	modified:   world_nether/DIM-1/region/r.0.0.mca
	modified:   world_nether/level.dat
	modified:   world_nether/level.dat_old
	modified:   world_the_end/DIM1/data/raids_end.dat
	modified:   world_the_end/DIM1/entities/r.-1.-1.mca
	modified:   world_the_end/DIM1/entities/r.-1.0.mca
	modified:   world_the_end/DIM1/entities/r.0.-1.mca
	modified:   world_the_end/DIM1/entities/r.0.0.mca
	modified:   world_the_end/DIM1/region/r.-1.-1.mca
	modified:   world_the_end/DIM1/region/r.-1.0.mca
	modified:   world_the_end/DIM1/region/r.0.-1.mca
	modified:   world_the_end/DIM1/region/r.0.0.mca
	modified:   world_the_end/level.dat
	modified:   world_the_end/level.dat_old

Untracked files:
  (use "git add <file>..." to include in what will be committed)
	plugins/spark/tmp-client/spark-7c9cd6bea4-profile-data.jfr.tmp

no changes added to commit (use "git add" and/or "git commit -a")
Everything up-to-date
error: cannot pull with rebase: You have unstaged changes.
error: Please commit or stash them.
[master 1765165] Auto-update server changes
 54 files changed, 114 insertions(+), 26 deletions(-)
 rename plugins/spark/tmp-client/{spark-6ea4931fd6-profile-data.jfr.tmp => spark-8a953d3a14-profile-data.jfr.tmp} (62%)
To https://github.com/Abhinav2011VS/MC-Server-1
   d7af91a..1765165  master -> master
error: cannot pull with rebase: You have unstaged changes.
error: Please commit or stash them.
[master 0363ba6] Auto-update server changes
 39 files changed, 12 insertions(+), 1 deletion(-)
 rename plugins/spark/tmp-client/{spark-8a953d3a14-profile-data.jfr.tmp => spark-988d8f57d2-profile-data.jfr.tmp} (62%)
To https://github.com/Abhinav2011VS/MC-Server-1
   1765165..0363ba6  master -> master
error: cannot pull with rebase: You have unstaged changes.
error: Please commit or stash them.
[master 754edb0] Auto-update server changes
 12 files changed, 29 insertions(+)
 delete mode 100644 plugins/spark/tmp-client/spark-988d8f57d2-profile-data.jfr.tmp
 create mode 100644 plugins/spark/tmp-client/spark-a685d69921-profile-data.jfr.tmp
To https://github.com/Abhinav2011VS/MC-Server-1
   0363ba6..754edb0  master -> master
error: cannot pull with rebase: You have unstaged changes.
error: Please commit or stash them.
[master 4d7911b] Auto-update server changes
 8 files changed, 68 insertions(+)
 delete mode 100644 plugins/spark/tmp-client/spark-a685d69921-profile-data.jfr.tmp
 create mode 100644 plugins/spark/tmp-client/spark-b47e17fac0-profile-data.jfr.tmp
To https://github.com/Abhinav2011VS/MC-Server-1
   754edb0..4d7911b  master -> master
error: cannot pull with rebase: You have unstaged changes.
error: Please commit or stash them.
