[HomePlugin] Canceling teleport task for player SupremeProMax
Startup script './start.sh' does not exist! Stopping server.
[HomePlugin] Canceling teleport task for player SupremeProMax
Startup script './start.sh' does not exist! Stopping server.
[HomePlugin] Canceling teleport task for player SupremeProMax
Startup script './start.sh' does not exist! Stopping server.
[HomePlugin] Canceling teleport task for player SupremeProMax
Startup script './start.sh' does not exist! Stopping server.
[HomePlugin] Canceling teleport task for player InventoStarz
[HomePlugin] Canceling teleport task for player InventoStarz
[HomePlugin] Canceling teleport task for player InventoStarz
[HomePlugin] Canceling teleport task for player InventoStarz
[HomePlugin] Canceling teleport task for player InventoStarz
[HomePlugin] Canceling teleport task for player InventoStarz
[HomePlugin] Canceling teleport task for player InventoStarz
[36m[Spigotunlocked.com] - COSMO
[36m[Spigotunlocked.com] - COSMO
[36m[Spigotunlocked.com] - COSMO
[36m[Spigotunlocked.com] - COSMO
[36m[Spigotunlocked.com] - COSMO
[36m[Spigotunlocked.com] - COSMO
[36m[Spigotunlocked.com] - COSMO
[36m[Spigotunlocked.com] - COSMO
[36m[Spigotunlocked.com] - COSMO
[HomePlugin] Canceling teleport task for player InventoStarz
[36m[Spigotunlocked.com] - COSMO
[36m[Spigotunlocked.com] - COSMO
[36m[Spigotunlocked.com] - COSMO
[36m[Spigotunlocked.com] - COSMO
[36m[Spigotunlocked.com] - COSMO
[36m[Spigotunlocked.com] - COSMO
[36m[Spigotunlocked.com] - COSMO
[36m[Spigotunlocked.com] - COSMO
[36m[Spigotunlocked.com] - COSMO
[HomePlugin] Canceling teleport task for player InventoStarz
[HomePlugin] Canceling teleport task for player InventoStarz
[36m[Spigotunlocked.com] - COSMO
[36m[Spigotunlocked.com] - COSMO
[36m[Spigotunlocked.com] - COSMO
[36m[Spigotunlocked.com] - COSMO
[36m[Spigotunlocked.com] - COSMO
[36m[Spigotunlocked.com] - COSMO
[VeinminerUpdater] veinminer is up to date
[36m[Spigotunlocked.com] - COSMO
[36m[Spigotunlocked.com] - COSMO
[HomePlugin] Canceling teleport task for player InventoStarz
[VeinminerUpdater] veinminer is up to date
[VeinminerUpdater] veinminer is up to date
[VeinminerUpdater] veinminer is up to date
[VeinminerUpdater] veinminer is outdated. Installed: 2.2.0 -> Latest: 2.2.1
[VeinminerUpdater] veinminer is outdated. Installed: 2.2.0 -> Latest: 2.2.1
[VeinminerUpdater] veinminer is outdated. Installed: 2.2.0 -> Latest: 2.2.1
[VeinminerUpdater] veinminer is up to date
