Starting org.bukkit.craftbukkit.Main..
WARN StatusConsoleListener Advanced terminal features are not available in this environment
[17:35:56 INFO]: [bootstrap] Running Java 21 (OpenJDK 64-Bit Server VM 21.0.4+7-LTS; Eclipse Adoptium Temurin-21.0.4+7) on Linux 6.5.0-1025-azure (amd64)
[17:35:56 INFO]: [bootstrap] Loading Paper 1.21.1-52-master@e08e667 (2024-08-26T18:02:06Z) for Minecraft 1.21.1
[17:35:57 INFO]: [PluginInitializerManager] Initializing plugins...
[17:35:59 INFO]: [PluginInitializerManager] Initialized 18 plugins
[17:35:59 INFO]: [PluginInitializerManager] Bukkit plugins (18):
 - AuthMe (5.6.0-bCUSTOM), BackpackPlus (1.4.2), ClearLag (3.2.2), DeathLocation (1.4), DeathLogPlugin (1.0), DeleteBats (1.0-SNAPSHOT), Discord-Linker (3.4.2), DontKillFriends (1.0), FastChunkPregenerator (2.0.9-SNAPSHOT), FreezeHibernate (1.0), HomePlugin (0.6.4), ProtocolLib (5.2.0-SNAPSHOT-679), SpawnerSilk (5.8.0), VeinMiner (2.2.5), WorldEdit (7.3.6+6892-3d660b8), fast-leaf-decay (1.1.0), oplogin (1.0-SNAPSHOT), playit-gg (0.1.4)
[17:36:05 INFO]: Environment: Environment[sessionHost=https://sessionserver.mojang.com, servicesHost=https://api.minecraftservices.com, name=PROD]
[17:36:07 INFO]: Loaded 1290 recipes
[17:36:07 INFO]: Loaded 1399 advancements
[17:36:07 INFO]: Starting minecraft server version 1.21.1
[17:36:07 INFO]: Loading properties
[17:36:07 INFO]: This server is running Paper version 1.21.1-52-master@e08e667 (2024-08-26T18:02:06Z) (Implementing API version 1.21.1-R0.1-SNAPSHOT)
[17:36:10 INFO]: [spark] This server bundles the spark profiler. For more information please visit https://docs.papermc.io/paper/profiling
[17:36:10 INFO]: Server Ping Player Sample Count: 12
[17:36:10 INFO]: Using 4 threads for Netty based IO
[17:36:11 INFO]: [ChunkTaskScheduler] Chunk system is using 1 I/O threads, 1 worker threads, and population gen parallelism of 1 threads
[17:36:12 INFO]: Default game type: SURVIVAL
[17:36:12 INFO]: Generating keypair
[17:36:12 INFO]: Starting Minecraft server on *:25565
[17:36:12 INFO]: Using epoll channel type
[17:36:12 INFO]: Paper: Using libdeflate (Linux x86_64) compression from Velocity.
[17:36:12 INFO]: Paper: Using OpenSSL 3.0.x (Linux x86_64) cipher from Velocity.
[17:36:13 INFO]: [ProtocolLib] Loading server plugin ProtocolLib v5.2.0-SNAPSHOT-679
[17:36:13 WARN]: [ProtocolLib] Version (MC: 1.21.1) has not yet been tested! Proceed with caution.
[17:36:15 ERROR]: [ProtocolLib] Assuming package version: v1_21_R1
[17:36:15 ERROR]:   [ProtocolLib] INTERNAL ERROR: Cannot load ProtocolLib.
  If this problem hasn't already been reported, please open a ticket
  at https://github.com/dmulloy2/ProtocolLib/issues with the following data:
  Stack Trace:
  java.lang.IllegalArgumentException: Unable to find a field that matches {modifiers=[required: 10000, banned: 1000], type={ type input instanceof interface java.util.Map }}
  	at ProtocolLib.jar//com.comphenix.protocol.reflect.FuzzyReflection.getField(FuzzyReflection.java:352)
  	at ProtocolLib.jar//com.comphenix.protocol.injector.packet.PacketRegistry.createNewRegister(PacketRegistry.java:183)
  	at ProtocolLib.jar//com.comphenix.protocol.injector.packet.PacketRegistry.initialize(PacketRegistry.java:334)
  	at ProtocolLib.jar//com.comphenix.protocol.injector.packet.PacketRegistry.getClientPacketTypes(PacketRegistry.java:369)
  	at ProtocolLib.jar//com.comphenix.protocol.injector.PacketFilterManager.<init>(PacketFilterManager.java:120)
  	at ProtocolLib.jar//com.comphenix.protocol.injector.PacketFilterBuilder.build(PacketFilterBuilder.java:121)
  	at ProtocolLib.jar//com.comphenix.protocol.ProtocolLib.onLoad(ProtocolLib.java:183)
  	at io.papermc.paper.plugin.storage.ServerPluginProviderStorage.processProvided(ServerPluginProviderStorage.java:59)
  	at io.papermc.paper.plugin.storage.ServerPluginProviderStorage.processProvided(ServerPluginProviderStorage.java:18)
  	at io.papermc.paper.plugin.storage.SimpleProviderStorage.enter(SimpleProviderStorage.java:39)
  	at io.papermc.paper.plugin.entrypoint.LaunchEntryPointHandler.enter(LaunchEntryPointHandler.java:40)
  	at org.bukkit.craftbukkit.CraftServer.loadPlugins(CraftServer.java:546)
  	at net.minecraft.server.dedicated.DedicatedServer.initServer(DedicatedServer.java:292)
  	at net.minecraft.server.MinecraftServer.runServer(MinecraftServer.java:1215)
  	at net.minecraft.server.MinecraftServer.lambda$spin$0(MinecraftServer.java:330)
  	at java.base/java.lang.Thread.run(Thread.java:1583)
  Dump:
  Parameters: 
    [NULL]
  Sender:
    com.comphenix.protocol.ProtocolLib@13c1f625[
      statistics=<null>
      packetTask=<null>
      tickCounter=0
      configExpectedMod=-1
      updater=com.comphenix.protocol.updater.SpigotUpdater@7434a614
      redirectHandler=<null>
      scheduler=com.comphenix.protocol.scheduler.DefaultScheduler@68d80669
      commandProtocol=<null>
      commandPacket=<null>
      commandFilter=<null>
      packetLogging=<null>
      skipDisable=false
      isEnabled=false
      loader=io.papermc.paper.plugin.manager.DummyBukkitPluginLoader@41f74a02
      server=CraftServer{serverName=Paper,serverVersion=1.21.1-52-e08e667,minecraftVersion=1.21.1}
      file=plugins/.paper-remapped/ProtocolLib.jar
      description=org.bukkit.plugin.PluginDescriptionFile@38a112e4
      pluginMeta=org.bukkit.plugin.PluginDescriptionFile@38a112e4
      dataFolder=plugins/ProtocolLib
      classLoader=PluginClassLoader{plugin=ProtocolLib v5.2.0-SNAPSHOT-679, pluginEnabled=false, url=plugins/.paper-remapped/ProtocolLib.jar}
      naggable=true
      newConfig=YamlConfiguration[path='', root='YamlConfiguration']
      configFile=plugins/ProtocolLib/config.yml
      logger=com.destroystokyo.paper.utils.PaperPluginLogger@92e0959
      lifecycleEventManager=io.papermc.paper.plugin.lifecycle.event.PaperLifecycleEventManager@7a79726b
      allowsLifecycleRegistration=true
    ]
  Version:
    ProtocolLib v5.2.0-SNAPSHOT-679
  Java Version:
    21.0.4
  Server:
    1.21.1-52-e08e667 (MC: 1.21.1)

[17:36:15 INFO]: [ClearLag] Loading server plugin ClearLag v3.2.2
[17:36:15 INFO]: [SpawnerSilk] Loading server plugin SpawnerSilk v5.8.0
[17:36:15 INFO]: [playit-gg] Loading server plugin playit-gg v0.1.4
[17:36:15 INFO]: [Discord-Linker] Loading server plugin Discord-Linker v3.4.2
[17:36:15 INFO]: [oplogin] Loading server plugin oplogin v1.0-SNAPSHOT
[17:36:15 INFO]: [DeleteBats] Loading server plugin DeleteBats v1.0-SNAPSHOT
[17:36:15 INFO]: [WorldEdit] Loading server plugin WorldEdit v7.3.6+6892-3d660b8
[17:36:17 INFO]: Got request to register class com.sk89q.worldedit.bukkit.BukkitServerInterface with WorldEdit [com.sk89q.worldedit.extension.platform.PlatformManager@6ca7fc21]
[17:36:17 INFO]: [AuthMe] Loading server plugin AuthMe v5.6.0-bCUSTOM
[17:36:17 INFO]: [HomePlugin] Loading server plugin HomePlugin v0.6.4
[17:36:17 INFO]: [VeinMiner] Loading server plugin VeinMiner v2.2.5
[17:36:17 INFO]: [fast-leaf-decay] Loading server plugin fast-leaf-decay v1.1.0
[17:36:17 INFO]: [DeathLogPlugin] Loading server plugin DeathLogPlugin v1.0
[17:36:17 INFO]: [FreezeHibernate] Loading server plugin FreezeHibernate v1.0
[17:36:17 INFO]: [DeathLocation] Loading server plugin DeathLocation v1.4
[17:36:17 INFO]: [FastChunkPregenerator] Loading server plugin FastChunkPregenerator v2.0.9-SNAPSHOT
[17:36:17 INFO]: [BackpackPlus] Loading server plugin BackpackPlus v1.4.2
[17:36:17 INFO]: [DontKillFriends] Loading server plugin DontKillFriends v1.0
[17:36:17 INFO]: Server permissions file permissions.yml is empty, ignoring it
[17:36:17 INFO]: [ProtocolLib] Enabling ProtocolLib v5.2.0-SNAPSHOT-679
[17:36:17 ERROR]: ******************************************************
[17:36:17 ERROR]: *** ProtocolLib does not support plugin reloaders! ***
[17:36:17 ERROR]: *** Please use the built-in reload command!        ***
[17:36:17 ERROR]: ******************************************************
[17:36:17 INFO]: [ProtocolLib] Disabling ProtocolLib v5.2.0-SNAPSHOT-679
[17:36:17 INFO]: [WorldEdit] Enabling WorldEdit v7.3.6+6892-3d660b8
[17:36:17 INFO]: Registering commands with com.sk89q.worldedit.bukkit.BukkitServerInterface
[17:36:17 INFO]: WEPIF: Using the Bukkit Permissions API.
[17:36:18 INFO]: Using com.sk89q.worldedit.bukkit.adapter.impl.v1_21.PaperweightAdapter as the Bukkit adapter
[17:36:19 INFO]: [HomePlugin] Enabling HomePlugin v0.6.4
[17:36:19 INFO]: [HomePlugin] YAML has been selected !
[17:36:19 INFO]: [HomePlugin] Skipping Redis...
[17:36:19 INFO]: [HomePlugin] Cannot connect to Redis... use default cache!
[17:36:19 INFO]: [HomePlugin] Registering Homes
[17:36:19 INFO]: [HomePlugin] Registering Commands
[17:36:19 INFO]: [HomePlugin] Registering Events
[17:36:19 INFO]: [HomePlugin] Registering Completers
[17:36:19 INFO]: [HomePlugin] Registering Spawns
[17:36:19 WARN]: [HomePlugin] PlaceholderAPI is not installed. Placeholders will not be available.
[17:36:19 INFO]: [HomePlugin] ----------------------HomePlugin----------------------
[17:36:19 INFO]: [HomePlugin] ----------HomePlugin a démmaré avec succés !----------
[17:36:19 INFO]: [HomePlugin] ------------------------------------------------------
[17:36:19 WARN]: [HomePlugin] No plugins to load skipping...
[17:36:19 WARN]: **** SERVER IS RUNNING IN OFFLINE/INSECURE MODE!
[17:36:19 WARN]: The server will make no attempt to authenticate usernames. Beware.
[17:36:19 WARN]: While this makes the game possible to play without internet access, it also opens up the ability for hackers to connect with any username they choose.
[17:36:19 WARN]: To change this, set "online-mode" to "true" in the server.properties file.
[17:36:19 INFO]: Preparing level "world"
[17:36:20 INFO]: Preparing start region for dimension minecraft:overworld
[17:36:20 INFO]: Time elapsed: 557 ms
[17:36:20 INFO]: Preparing start region for dimension minecraft:the_nether
[17:36:23 INFO]: Time elapsed: 2233 ms
[17:36:23 INFO]: Preparing start region for dimension minecraft:the_end
[17:36:24 INFO]: Time elapsed: 1619 ms
[17:36:24 INFO]: [ClearLag] Enabling ClearLag v3.2.2
[17:36:24 INFO]: [ClearLag] Using version-adapter: LatestVersionAdapter
[17:36:24 INFO]: [ClearLag] Loading modules...
[17:36:24 WARN]: [ClearLag] Clearlag failed to use the internal TPS tracker during initialization. Reverted to estimation... (Index 3 out of bounds for length 3)
[17:36:24 INFO]: [ClearLag] Modules enabed, loading config values
[17:36:24 INFO]: [ClearLag] Modules have been loaded!
[17:36:24 INFO]: [ClearLag] Clearlag is now enabled!
[17:36:24 INFO]: [SpawnerSilk] Enabling SpawnerSilk v5.8.0
[17:36:24 WARN]: [ClearLag] Clearlag failed to check for updates - bukkit may be down
[17:36:24 WARN]: java.lang.ArrayIndexOutOfBoundsException: Index 3 out of bounds for length 3
[17:36:24 WARN]: 	at Copy of Clearlag.jar//me.minebuilders.clearlag.Util.getBukkitVersion(Util.java:105)
[17:36:24 WARN]: 	at Copy of Clearlag.jar//me.minebuilders.clearlag.BukkitUpdater.updateAvailable(BukkitUpdater.java:32)
[17:36:24 WARN]: 	at Copy of Clearlag.jar//me.minebuilders.clearlag.BukkitUpdater.run(BukkitUpdater.java:82)
[17:36:24 WARN]: 	at java.base/java.lang.Thread.run(Thread.java:1583)
[17:36:24 INFO]: [SpawnerSilk] ShopGUI+ support disabled
[17:36:24 INFO]: [playit-gg] Enabling playit-gg v0.1.4
[17:36:26 INFO]: [gg.playit.minecraft.PlayitKeysSetup] secret key found, checking
[17:36:26 INFO]: [gg.playit.minecraft.PlayitKeysSetup] check secret
[17:36:26 INFO]: [Discord-Linker] Enabling Discord-Linker v3.4.2
[17:36:26 INFO]: [oplogin] Enabling oplogin v1.0-SNAPSHOT
[17:36:26 INFO]: [DeleteBats] Enabling DeleteBats v1.0-SNAPSHOT
[17:36:26 INFO]: [AuthMe] Enabling AuthMe v5.6.0-bCUSTOM
[17:36:26 INFO]: [AuthMe] SQLite Setup finished
[17:36:26 INFO]: [AuthMe] No supported permissions system found! Permissions are disabled!
[17:36:27 WARN]: [AuthMe] WARNING! The protectInventory feature requires ProtocolLib! Disabling it...
[17:36:27 INFO]: [AuthMe] AuthMe 5.6.0 build n.CUSTOM successfully enabled!
[17:36:27 INFO]: [VeinMiner] Enabling VeinMiner v2.2.5
[17:36:27 INFO]: [VeinMiner] Loading configuration options to local memory
[17:36:27 INFO]: [VeinMiner] Using SQLITE for persistent storage.
[17:36:27 INFO]: [VeinMiner] Added 13 aliases.
[17:36:27 INFO]: [VeinMiner] Registered category with id "Axe" holding 6 unique items and 26 unique blocks.
[17:36:27 INFO]: [VeinMiner] Registered category with id "Hoe" holding 6 unique items and 10 unique blocks.
[17:36:27 INFO]: [VeinMiner] Registered category with id "Pickaxe" holding 6 unique items and 23 unique blocks.
[17:36:27 INFO]: [VeinMiner] Registered category with id "Shears" holding 1 unique items and 27 unique blocks.
[17:36:27 INFO]: [VeinMiner] Registered category with id "Shovel" holding 6 unique items and 10 unique blocks.
[17:36:27 WARN]: [VeinMiner] No block list configured for category with id "Hand"! Is this intentional?
[17:36:27 INFO]: [VeinMiner] Registered category with id "Hand" holding 0 unique items and 0 unique blocks.
[17:36:27 INFO]: [VeinMiner] Performing an update check!
[17:36:27 INFO]: [VeinMiner] Registering commands
[17:36:27 INFO]: [VeinMiner] Registering events
[17:36:27 INFO]: [gg.playit.minecraft.PlayitKeysSetup] found minecraft java tunnel: otherwise-jewelry.joinmc.link
[17:36:27 INFO]: [VeinMiner] Vault not found. Economy support suspended
[17:36:27 INFO]: [VeinMiner] Enabling Plugin Metrics
[17:36:27 INFO]: [gg.playit.minecraft.PlayitManager] keys and tunnel setup
[17:36:27 INFO]: [VeinMiner] Thanks for enabling Metrics! The anonymous stats are appreciated
[17:36:27 INFO]: [fast-leaf-decay] Enabling fast-leaf-decay v1.1.0
[17:36:27 INFO]: [DeathLogPlugin] Enabling DeathLogPlugin v1.0
[17:36:27 INFO]: [DeathLogPlugin] DeathLogPlugin has been enabled.
[17:36:27 INFO]: [DeathLogPlugin] Plugin is created by tuan
[17:36:27 INFO]: [FreezeHibernate] Enabling FreezeHibernate v1.0
[17:36:27 INFO]: [DeathLocation] Enabling DeathLocation v1.4
[17:36:27 INFO]: [DeathLocation] ActionBar manager started.
[17:36:27 INFO]: [VeinMiner] You are on the latest version of VeinMiner.
[17:36:27 INFO]: [FastChunkPregenerator] Enabling FastChunkPregenerator v2.0.9-SNAPSHOT
[17:36:27 INFO]: [FastChunkPregenerator] >> Paper was found.
[17:36:27 INFO]: [FastChunkPregenerator] >> Async chunk loading support is enabled.
[17:36:28 WARN]: [gg.playit.control.ChannelSetup] Got IO error working with :control.playit.gg/2602:fbaf:860:0:0:0:0:1, error : java.net.SocketException: Network is unreachable
[17:36:28 INFO]: [BackpackPlus] Enabling BackpackPlus v1.4.2
[17:36:28 INFO]: [BackpackPlus] [Pack] No update needed; current readme is up to date.
[17:36:28 INFO]: [BackpackPlus] [Settings] Configuration loaded successfully. No missing fields detected.
[17:36:28 INFO]: [BackpackPlus] [Database] Configuration loaded successfully. No missing fields detected.
[17:36:28 INFO]: [BackpackPlus] [Database] SQLite Successfully connected to database
[17:36:28 INFO]: [BackpackPlus] Language used: eng
[17:36:28 INFO]: Environment: Environment[sessionHost=https://sessionserver.mojang.com, servicesHost=https://api.minecraftservices.com, name=PROD]
[17:36:28 INFO]: [gg.playit.control.ChannelSetup] request queued, waiting 1 second before resend
[17:36:28 INFO]: [DontKillFriends] Enabling DontKillFriends v1.0
[17:36:28 INFO]: [DontKillFriends] DontKillFriends enabled!
[17:36:28 INFO]: [spark] Starting background profiler...
[17:36:30 INFO]: [FreezeHibernate] Server is frozen until a player joins.
[17:36:30 INFO]: Done preparing level "world" (11.196s)
[17:36:30 INFO]: Running delayed init tasks
[17:36:30 INFO]: Done (41.166s)! For help, type "help"
[17:36:30 INFO]: [AuthMe] Downloading GEO IP database, because the old database is older than 30 days or doesn't exist
[17:36:30 WARN]: [AuthMe] No MaxMind credentials found in the configuration file! GeoIp protections will be disabled.
[17:36:30 INFO]: [AuthMe] There is no newer GEO IP database uploaded to MaxMind. Using the old one for now.
[17:36:30 INFO]: Timings Reset
[17:36:30 INFO]: [HomePlugin] There is not a new update available.
[17:36:30 WARN]: [AuthMe] Could not download GeoLiteAPI database [FileNotFoundException]: plugins/AuthMe/GeoLite2-Country.mmdb (No such file or directory)
[17:36:30 INFO]: Plugin is up to date.
[17:36:31 INFO]: [Discord-Linker] §aPlugin enabled.
[17:36:31 INFO]: [Discord-Linker] §aConnected to the Discord Bot!
[17:36:34 INFO]: [gg.playit.minecraft.PlayitManager] got new client: NewClient{connectAddr=209.25.143.194:22550, peerAddr=49.204.17.127:17826, claimAddress=209.25.140.2:43784, claimToken=[44, 0, 60, -47, 25, -113, -62, 88, 22, 49, -52, 17, 127, 69, -94, 85, 124, -32, -63, -85, 8, 102, -40, -102, -94, 0, 0, 0, 0, 0, 9, -24, 75, 0, 0, 0, 0, 0, 54, -15, 19, -126, -63, -85, 8, 0, 0, 0, 0, 28, 0, 0, 0, 0, 0, 0, 0, 1, 0, 1, -63, 5, -12, 120, 88, 86, -3, -65, 41, 60, 29, -25, 11, -69, 58, 21], tunnelServerId=1, dataCenterId=28}
[17:36:34 INFO]: [gg.playit.minecraft.PlayitManager] starting tcp tunnel for client
[17:36:34 INFO]: [gg.playit.minecraft.PlayitTcpTunnel] start connection to /209.25.140.2:43784 to claim client
[17:36:34 INFO]: [gg.playit.minecraft.PlayitTcpTunnel] connected to tunnel server, sending claim token
[17:36:34 INFO]: [gg.playit.minecraft.PlayitTcpTunnel] claim token sent
[17:36:34 INFO]: [gg.playit.minecraft.PlayitTcpTunnel] connection to tunnel server has been established
[17:36:34 INFO]: [gg.playit.minecraft.PlayitTcpTunnel] Reflect: ReflectionHelper{ServerConnection=class net.minecraft.server.network.ServerConnectionListener, LegacyPingHandler=class net.minecraft.server.network.LegacyQueryHandler, MinecraftServer=class net.minecraft.server.MinecraftServer, PacketSplitter=class net.minecraft.network.Varint21FrameDecoder, PacketDecoder=class net.minecraft.network.PacketDecoder, EnumProtocolDirection=class net.minecraft.network.protocol.PacketFlow, PacketPrepender=class net.minecraft.network.Varint21LengthFieldPrepender, PacketEncoder=class net.minecraft.network.PacketEncoder, NetworkManagerServer=class net.minecraft.network.RateKickingConnection, NetworkManager=class net.minecraft.network.Connection, HandshakeListener=class net.minecraft.server.network.ServerHandshakePacketListenerImpl, PacketListener=interface net.minecraft.network.PacketListener, CraftServer=class org.bukkit.craftbukkit.CraftServer}
[17:36:34 INFO]: [gg.playit.minecraft.PlayitTcpTunnel] legacyPingHandler is null
[17:36:34 INFO]: [gg.playit.minecraft.PlayitTcpTunnel] connecting to minecraft server at localhost/127.0.0.1:25565
[17:36:34 INFO]: [gg.playit.minecraft.PlayitTcpTunnel] connected to local minecraft server
[17:36:35 INFO]: UUID of player SupremeProMax is 14920dfc-e534-38a1-91e0-3aed4442bb9c
[17:36:36 INFO]: [FreezeHibernate] A player joined. Server is now unfrozen.
[17:36:36 INFO]: SupremeProMax joined the game
[17:36:36 INFO]: SupremeProMax[/127.0.0.1:39332] logged in with entity id 121 at ([world]-288.0475000003374, 64.0, -1321.985026343681)
[17:36:50 INFO]: [AuthMe] The user SupremeProMax has 4 accounts:
[17:36:50 INFO]: [AuthMe] §7§aSupremeProMax§7, pixelpulse21, gggames12, gamex_playz.
[17:36:50 INFO]: [AuthMe] SupremeProMax logged in 127.0.0.1
[17:36:52 INFO]: SupremeProMax issued server command: /oplogin Abhi-SupremeLegend
[17:38:54 INFO]: [gg.playit.minecraft.PlayitManager] got new client: NewClient{connectAddr=209.25.143.194:22550, peerAddr=49.43.234.145:53839, claimAddress=209.25.140.2:43784, claimToken=[44, 0, 60, -47, 25, -113, -62, 88, 22, 49, 43, -22, -111, -46, 79, -29, 109, 76, 29, -85, 8, 102, -40, -101, 46, 0, 0, 0, 0, 0, 9, -24, 75, 0, 0, 0, 0, 0, 54, -15, 19, 12, 29, -85, 8, 0, 0, 0, 0, 28, 0, 0, 0, 0, 0, 0, 0, 1, 0, 1, -43, -103, -10, -37, 91, 101, 35, 57, -99, 117, -111, -69, -21, 18, -10, 15], tunnelServerId=1, dataCenterId=28}
[17:38:54 INFO]: [gg.playit.minecraft.PlayitManager] starting tcp tunnel for client
[17:38:54 INFO]: [gg.playit.minecraft.PlayitTcpTunnel] start connection to /209.25.140.2:43784 to claim client
[17:38:54 INFO]: [gg.playit.minecraft.PlayitTcpTunnel] connected to tunnel server, sending claim token
[17:38:54 INFO]: [gg.playit.minecraft.PlayitTcpTunnel] claim token sent
[17:38:54 INFO]: [gg.playit.minecraft.PlayitTcpTunnel] connection to tunnel server has been established
[17:38:54 INFO]: [gg.playit.minecraft.PlayitTcpTunnel] Reflect: ReflectionHelper{ServerConnection=class net.minecraft.server.network.ServerConnectionListener, LegacyPingHandler=class net.minecraft.server.network.LegacyQueryHandler, MinecraftServer=class net.minecraft.server.MinecraftServer, PacketSplitter=class net.minecraft.network.Varint21FrameDecoder, PacketDecoder=class net.minecraft.network.PacketDecoder, EnumProtocolDirection=class net.minecraft.network.protocol.PacketFlow, PacketPrepender=class net.minecraft.network.Varint21LengthFieldPrepender, PacketEncoder=class net.minecraft.network.PacketEncoder, NetworkManagerServer=class net.minecraft.network.RateKickingConnection, NetworkManager=class net.minecraft.network.Connection, HandshakeListener=class net.minecraft.server.network.ServerHandshakePacketListenerImpl, PacketListener=interface net.minecraft.network.PacketListener, CraftServer=class org.bukkit.craftbukkit.CraftServer}
[17:38:54 INFO]: [gg.playit.minecraft.PlayitTcpTunnel] legacyPingHandler is null
[17:38:54 INFO]: [gg.playit.minecraft.PlayitTcpTunnel] connecting to minecraft server at localhost/127.0.0.1:25565
[17:38:54 INFO]: [gg.playit.minecraft.PlayitTcpTunnel] connected to local minecraft server
[17:38:57 INFO]: [gg.playit.minecraft.PlayitManager] got new client: NewClient{connectAddr=209.25.143.194:22550, peerAddr=49.43.234.145:53841, claimAddress=209.25.140.2:43784, claimToken=[44, 0, 60, -47, 25, -113, -62, 88, 22, 49, 43, -22, -111, -46, 81, -87, 22, 3, -111, -85, 8, 102, -40, -101, 49, 0, 0, 0, 0, 0, 9, -24, 75, 0, 0, 0, 0, 0, 54, -15, 19, -61, -111, -85, 8, 0, 0, 0, 0, 28, 0, 0, 0, 0, 0, 0, 0, 1, 0, 1, 6, 1, 113, 34, -7, -62, -70, -70, -34, 126, -74, 113, 67, 126, 78, 76], tunnelServerId=1, dataCenterId=28}
[17:38:57 INFO]: [gg.playit.minecraft.PlayitManager] starting tcp tunnel for client
[17:38:57 INFO]: [gg.playit.minecraft.PlayitTcpTunnel] start connection to /209.25.140.2:43784 to claim client
[17:38:57 INFO]: [gg.playit.minecraft.PlayitTcpTunnel] connected to tunnel server, sending claim token
[17:38:57 INFO]: [gg.playit.minecraft.PlayitTcpTunnel] claim token sent
[17:38:57 INFO]: [gg.playit.minecraft.PlayitTcpTunnel] connection to tunnel server has been established
[17:38:57 INFO]: [gg.playit.minecraft.PlayitTcpTunnel] Reflect: ReflectionHelper{ServerConnection=class net.minecraft.server.network.ServerConnectionListener, LegacyPingHandler=class net.minecraft.server.network.LegacyQueryHandler, MinecraftServer=class net.minecraft.server.MinecraftServer, PacketSplitter=class net.minecraft.network.Varint21FrameDecoder, PacketDecoder=class net.minecraft.network.PacketDecoder, EnumProtocolDirection=class net.minecraft.network.protocol.PacketFlow, PacketPrepender=class net.minecraft.network.Varint21LengthFieldPrepender, PacketEncoder=class net.minecraft.network.PacketEncoder, NetworkManagerServer=class net.minecraft.network.RateKickingConnection, NetworkManager=class net.minecraft.network.Connection, HandshakeListener=class net.minecraft.server.network.ServerHandshakePacketListenerImpl, PacketListener=interface net.minecraft.network.PacketListener, CraftServer=class org.bukkit.craftbukkit.CraftServer}
[17:38:57 INFO]: [gg.playit.minecraft.PlayitTcpTunnel] legacyPingHandler is null
[17:38:57 INFO]: [gg.playit.minecraft.PlayitTcpTunnel] connecting to minecraft server at localhost/127.0.0.1:25565
[17:38:57 INFO]: [gg.playit.minecraft.PlayitTcpTunnel] connected to local minecraft server
[17:38:57 INFO]: UUID of player PixelPulse21 is 37fad011-70c6-396d-ad5b-a02a1e9fca51
[17:38:59 INFO]: PixelPulse21 joined the game
[17:38:59 INFO]: PixelPulse21[/127.0.0.1:42398] logged in with entity id 5780 at ([world]-280.8906062261586, 64.0, -1323.7393341764762)
[17:39:15 INFO]: [AuthMe] The user PixelPulse21 has 4 accounts:
[17:39:15 INFO]: [AuthMe] §7§aSupremeProMax§7, §aPixelPulse21§7, gggames12, gamex_playz.
[17:39:15 INFO]: [AuthMe] PixelPulse21 logged in 127.0.0.1
[17:39:23 INFO]: [Not Secure] <SupremeProMax> bro
[17:39:24 INFO]: [Not Secure] <SupremeProMax> ??
[17:39:26 INFO]: [Not Secure] <SupremeProMax> hi
[17:39:28 INFO]: [Not Secure] <PixelPulse21> what
[17:39:35 INFO]: [Not Secure] <SupremeProMax> where you going?
[17:39:43 INFO]: [Not Secure] <SupremeProMax> did not save (COLAB ERROR)
[17:40:13 INFO]: SupremeProMax issued server command: /teleport PixelPulse21
[17:40:13 INFO]: [SupremeProMax: Teleported SupremeProMax to PixelPulse21]
[17:40:29 INFO]: [Not Secure] <SupremeProMax> where we go?
[17:40:30 INFO]: [gg.playit.control.ChannelSetup] send keep alive
[17:40:33 INFO]: [Not Secure] <SupremeProMax> new secret base?
[17:40:37 INFO]: [Not Secure] <SupremeProMax> we will make
[17:40:37 INFO]: [Not Secure] <PixelPulse21> yes
[17:41:00 INFO]: SupremeProMax issued server command: /give SupremeProMax minecraft:ender_pearl 16
[17:41:00 INFO]: [SupremeProMax: Gave 16 [Ender Pearl] to SupremeProMax]
[17:41:49 WARN]: [gg.playit.minecraft.PlayitTcpTunnel] failed to send data to tunnel
[17:41:49 INFO]: PixelPulse21 lost connection: Disconnected
[17:41:49 INFO]: PixelPulse21 left the game
[17:42:08 INFO]: SupremeProMax issued server command: /give SupremeProMax minecraft:silence_armor_trim_smithing_template 4
[17:42:08 INFO]: [SupremeProMax: Gave 4 [Smithing Template] to SupremeProMax]
[17:42:27 INFO]: SupremeProMax issued server command: /give SupremeProMax minecraft:gold_ingot 2
[17:42:27 INFO]: [SupremeProMax: Gave 2 [Gold Ingot] to SupremeProMax]
[17:43:01 INFO]: SupremeProMax issued server command: /save-all
[17:43:02 INFO]: [SupremeProMax: Saved the game]
[17:44:31 INFO]: [gg.playit.control.ChannelSetup] send keep alive
[17:44:47 INFO]: [gg.playit.minecraft.PlayitManager] got new client: NewClient{connectAddr=209.25.143.194:22550, peerAddr=49.43.234.145:54203, claimAddress=209.25.140.2:43784, claimToken=[44, 0, 60, -47, 25, -113, -62, 88, 22, 49, 43, -22, -111, -45, -69, -80, -126, 0, 46, -85, 8, 102, -40, -100, -113, 0, 0, 0, 0, 0, 9, -24, 75, 0, 0, 0, 0, 0, 54, -15, 19, 112, 46, -85, 8, 0, 0, 0, 0, 28, 0, 0, 0, 0, 0, 0, 0, 1, 0, 1, -108, -60, -85, -23, 8, -27, 106, -110, 90, -119, -98, 12, 84, -13, 13, -2], tunnelServerId=1, dataCenterId=28}
[17:44:47 INFO]: [gg.playit.minecraft.PlayitManager] starting tcp tunnel for client
[17:44:47 INFO]: [gg.playit.minecraft.PlayitTcpTunnel] start connection to /209.25.140.2:43784 to claim client
[17:44:47 INFO]: [gg.playit.minecraft.PlayitTcpTunnel] connected to tunnel server, sending claim token
[17:44:47 INFO]: [gg.playit.minecraft.PlayitTcpTunnel] claim token sent
[17:44:47 INFO]: [gg.playit.minecraft.PlayitTcpTunnel] connection to tunnel server has been established
[17:44:47 INFO]: [gg.playit.minecraft.PlayitTcpTunnel] Reflect: ReflectionHelper{ServerConnection=class net.minecraft.server.network.ServerConnectionListener, LegacyPingHandler=class net.minecraft.server.network.LegacyQueryHandler, MinecraftServer=class net.minecraft.server.MinecraftServer, PacketSplitter=class net.minecraft.network.Varint21FrameDecoder, PacketDecoder=class net.minecraft.network.PacketDecoder, EnumProtocolDirection=class net.minecraft.network.protocol.PacketFlow, PacketPrepender=class net.minecraft.network.Varint21LengthFieldPrepender, PacketEncoder=class net.minecraft.network.PacketEncoder, NetworkManagerServer=class net.minecraft.network.RateKickingConnection, NetworkManager=class net.minecraft.network.Connection, HandshakeListener=class net.minecraft.server.network.ServerHandshakePacketListenerImpl, PacketListener=interface net.minecraft.network.PacketListener, CraftServer=class org.bukkit.craftbukkit.CraftServer}
[17:44:47 INFO]: [gg.playit.minecraft.PlayitTcpTunnel] legacyPingHandler is null
[17:44:47 INFO]: [gg.playit.minecraft.PlayitTcpTunnel] connecting to minecraft server at localhost/127.0.0.1:25565
[17:44:47 INFO]: [gg.playit.minecraft.PlayitTcpTunnel] connected to local minecraft server
[17:45:41 INFO]: [gg.playit.minecraft.PlayitManager] got new client: NewClient{connectAddr=209.25.141.194:22550, peerAddr=54.36.120.8:45964, claimAddress=209.25.140.2:43783, claimToken=[44, 0, 60, -47, 25, -115, -62, 88, 22, 54, 36, 120, 8, -77, -116, -114, -80, 125, -27, -85, 7, 102, -40, -100, -59, 0, 0, 0, 0, 0, 9, -24, 75, 0, 0, 0, 0, 0, 54, -15, 19, 95, -27, -85, 7, 0, 0, 0, 0, 36, 0, 0, 0, 0, 0, 0, 0, 1, 0, 11, 28, -127, -30, 110, 20, 11, 87, -13, 34, 79, -97, 103, 33, -43, -67, -67], tunnelServerId=1, dataCenterId=36}
[17:45:41 INFO]: [gg.playit.minecraft.PlayitManager] starting tcp tunnel for client
[17:45:41 INFO]: [gg.playit.minecraft.PlayitTcpTunnel] start connection to /209.25.140.2:43783 to claim client
[17:45:41 INFO]: [gg.playit.minecraft.PlayitTcpTunnel] connected to tunnel server, sending claim token
[17:45:41 INFO]: [gg.playit.minecraft.PlayitTcpTunnel] claim token sent
[17:45:41 INFO]: [gg.playit.minecraft.PlayitTcpTunnel] connection to tunnel server has been established
[17:45:41 INFO]: [gg.playit.minecraft.PlayitTcpTunnel] Reflect: ReflectionHelper{ServerConnection=class net.minecraft.server.network.ServerConnectionListener, LegacyPingHandler=class net.minecraft.server.network.LegacyQueryHandler, MinecraftServer=class net.minecraft.server.MinecraftServer, PacketSplitter=class net.minecraft.network.Varint21FrameDecoder, PacketDecoder=class net.minecraft.network.PacketDecoder, EnumProtocolDirection=class net.minecraft.network.protocol.PacketFlow, PacketPrepender=class net.minecraft.network.Varint21LengthFieldPrepender, PacketEncoder=class net.minecraft.network.PacketEncoder, NetworkManagerServer=class net.minecraft.network.RateKickingConnection, NetworkManager=class net.minecraft.network.Connection, HandshakeListener=class net.minecraft.server.network.ServerHandshakePacketListenerImpl, PacketListener=interface net.minecraft.network.PacketListener, CraftServer=class org.bukkit.craftbukkit.CraftServer}
[17:45:41 INFO]: [gg.playit.minecraft.PlayitTcpTunnel] legacyPingHandler is null
[17:45:41 INFO]: [gg.playit.minecraft.PlayitTcpTunnel] connecting to minecraft server at localhost/127.0.0.1:25565
[17:45:41 INFO]: [gg.playit.minecraft.PlayitTcpTunnel] connected to local minecraft server
[17:45:41 INFO]: [gg.playit.minecraft.PlayitManager] got new client: NewClient{connectAddr=209.25.142.194:22550, peerAddr=54.36.120.8:38912, claimAddress=209.25.140.2:43783, claimToken=[44, 0, 60, -47, 25, -114, -62, 88, 22, 54, 36, 120, 8, -104, 0, -30, -67, 55, -22, -85, 7, 102, -40, -100, -59, 0, 0, 0, 0, 0, 9, -24, 75, 0, 0, 0, 0, 0, 54, -15, 19, 7, -22, -85, 7, 0, 0, 0, 0, 18, 0, 0, 0, 0, 0, 0, 0, 5, 0, 1, 87, -64, 63, 73, 76, -85, -28, -76, -80, -22, 87, -50, 108, 125, 29, 49], tunnelServerId=5, dataCenterId=18}
[17:45:41 INFO]: [gg.playit.minecraft.PlayitManager] starting tcp tunnel for client
[17:45:41 INFO]: [gg.playit.minecraft.PlayitTcpTunnel] start connection to /209.25.140.2:43783 to claim client
[17:45:41 INFO]: [gg.playit.minecraft.PlayitTcpTunnel] connected to tunnel server, sending claim token
[17:45:41 INFO]: [gg.playit.minecraft.PlayitTcpTunnel] claim token sent
[17:45:41 INFO]: [gg.playit.minecraft.PlayitTcpTunnel] connection to tunnel server has been established
[17:45:41 INFO]: [gg.playit.minecraft.PlayitTcpTunnel] Reflect: ReflectionHelper{ServerConnection=class net.minecraft.server.network.ServerConnectionListener, LegacyPingHandler=class net.minecraft.server.network.LegacyQueryHandler, MinecraftServer=class net.minecraft.server.MinecraftServer, PacketSplitter=class net.minecraft.network.Varint21FrameDecoder, PacketDecoder=class net.minecraft.network.PacketDecoder, EnumProtocolDirection=class net.minecraft.network.protocol.PacketFlow, PacketPrepender=class net.minecraft.network.Varint21LengthFieldPrepender, PacketEncoder=class net.minecraft.network.PacketEncoder, NetworkManagerServer=class net.minecraft.network.RateKickingConnection, NetworkManager=class net.minecraft.network.Connection, HandshakeListener=class net.minecraft.server.network.ServerHandshakePacketListenerImpl, PacketListener=interface net.minecraft.network.PacketListener, CraftServer=class org.bukkit.craftbukkit.CraftServer}
[17:45:41 INFO]: [gg.playit.minecraft.PlayitTcpTunnel] legacyPingHandler is null
[17:45:41 INFO]: [gg.playit.minecraft.PlayitTcpTunnel] connecting to minecraft server at localhost/127.0.0.1:25565
[17:45:41 INFO]: [gg.playit.minecraft.PlayitTcpTunnel] connected to local minecraft server
[17:45:53 INFO]: [gg.playit.minecraft.PlayitManager] got new client: NewClient{connectAddr=209.25.143.194:22550, peerAddr=54.36.120.8:44216, claimAddress=209.25.140.2:43783, claimToken=[44, 0, 60, -47, 25, -113, -62, 88, 22, 54, 36, 120, 8, -84, -72, -29, 62, 50, -48, -85, 7, 102, -40, -100, -47, 0, 0, 0, 0, 0, 9, -24, 75, 0, 0, 0, 0, 0, 54, -15, 19, 48, -48, -85, 7, 0, 0, 0, 0, 28, 0, 0, 0, 0, 0, 0, 0, 1, 0, 1, 2, -77, -8, -25, -44, 42, -6, 65, 110, -118, -2, 90, 120, 31, -35, -93], tunnelServerId=1, dataCenterId=28}
[17:45:53 INFO]: [gg.playit.minecraft.PlayitManager] starting tcp tunnel for client
[17:45:53 INFO]: [gg.playit.minecraft.PlayitTcpTunnel] start connection to /209.25.140.2:43783 to claim client
[17:45:53 INFO]: [gg.playit.minecraft.PlayitTcpTunnel] connected to tunnel server, sending claim token
[17:45:53 INFO]: [gg.playit.minecraft.PlayitTcpTunnel] claim token sent
[17:45:53 INFO]: [gg.playit.minecraft.PlayitTcpTunnel] connection to tunnel server has been established
[17:45:53 INFO]: [gg.playit.minecraft.PlayitTcpTunnel] Reflect: ReflectionHelper{ServerConnection=class net.minecraft.server.network.ServerConnectionListener, LegacyPingHandler=class net.minecraft.server.network.LegacyQueryHandler, MinecraftServer=class net.minecraft.server.MinecraftServer, PacketSplitter=class net.minecraft.network.Varint21FrameDecoder, PacketDecoder=class net.minecraft.network.PacketDecoder, EnumProtocolDirection=class net.minecraft.network.protocol.PacketFlow, PacketPrepender=class net.minecraft.network.Varint21LengthFieldPrepender, PacketEncoder=class net.minecraft.network.PacketEncoder, NetworkManagerServer=class net.minecraft.network.RateKickingConnection, NetworkManager=class net.minecraft.network.Connection, HandshakeListener=class net.minecraft.server.network.ServerHandshakePacketListenerImpl, PacketListener=interface net.minecraft.network.PacketListener, CraftServer=class org.bukkit.craftbukkit.CraftServer}
[17:45:53 INFO]: [gg.playit.minecraft.PlayitTcpTunnel] legacyPingHandler is null
[17:45:53 INFO]: [gg.playit.minecraft.PlayitTcpTunnel] connecting to minecraft server at localhost/127.0.0.1:25565
[17:45:53 INFO]: [gg.playit.minecraft.PlayitTcpTunnel] connected to local minecraft server
