[17:55:44] [ServerMain/INFO]: [bootstrap] Running Java 21 (OpenJDK 64-Bit Server VM 21.0.4+7-LTS; Eclipse Adoptium Temurin-21.0.4+7) on Linux 6.5.0-1025-azure (amd64)
[17:55:44] [ServerMain/INFO]: [bootstrap] Loading Paper 1.21.1-115-master@ba3c29b (2024-09-30T02:19:06Z) for Minecraft 1.21.1
[17:55:44] [ServerMain/INFO]: [PluginInitializerManager] Initializing plugins...
[17:55:45] [ServerMain/INFO]: [PluginInitializerManager] Initialized 26 plugins
[17:55:45] [ServerMain/INFO]: [PluginInitializerManager] Paper plugins (2):
 - SilentAutoSave (3.0), nonflyingweather (1.1-release)
[17:55:45] [ServerMain/INFO]: [PluginInitializerManager] Bukkit plugins (24):
 - AuthMe (5.6.0-bCUSTOM), BackpackPlus (1.4.2), BannedWordsEffective (0.2), DeadlyDisasters (14.7), DeathLocation (1.4), Discord-Linker (3.4.2), DoubleJump (2.1.5), EpicRealmsSMP (2.0), FarmProtect (1.9.0), ForceResourcepacks (1.12.17 (build 745)), Giants (2.0.5), GodItems (3.0.1), HomePlugin (0.6.4), Multiverse-Core (4.3.13), SkinsRestorer (15.4.3), Sleeper (1.5.3), SpawnerSilk (5.8.0), TreeFeller (1.24.1), Veinminer (2.1.4), WorldEdit (7.3.6+6892-3d660b8), WorldGuard (7.0.12+829a4a4), oplogin (1.0-SNAPSHOT), playit-gg (0.1.4), villagerinfinitetrading (1.0)
[17:55:49] [ServerMain/WARN]: Failed to parse 'EpicRealmsSMP-ResourcePack.zip' into UUID
[17:55:49] [ServerMain/INFO]: Environment: Environment[sessionHost=https://sessionserver.mojang.com, servicesHost=https://api.minecraftservices.com, name=PROD]
[17:55:51] [Worker-Main-1/WARN]: Found loot table element validation problem in {minecraft:loot_table/minecraft:entities/player}.pools[1].entries[0]: Unknown loot table called graves:entities/player
[17:55:52] [ServerMain/INFO]: Loaded 1298 recipes
[17:55:52] [ServerMain/ERROR]: Couldn't load tag minecraft:load as it is missing following references: invisibleitemframes:load (from file/Invisible-Item-Frames.zip)
[17:55:52] [ServerMain/ERROR]: Couldn't load advancements: [minecraft:wander_add_map, minecraft:give_quest_trader_trade]
[17:55:52] [ServerMain/INFO]: Loaded 1445 advancements
[17:55:53] [ServerMain/WARN]: Not all defined tags for registry ResourceKey[minecraft:root / minecraft:block] are present in data pack: imst:fossil/rottable
[17:55:53] [Server thread/INFO]: Starting minecraft server version 1.21.1
[17:55:53] [Server thread/INFO]: Loading properties
[17:55:53] [Server thread/INFO]: This server is running Paper version 1.21.1-115-master@ba3c29b (2024-09-30T02:19:06Z) (Implementing API version 1.21.1-R0.1-SNAPSHOT)
[17:55:54] [Server thread/INFO]: [spark] This server bundles the spark profiler. For more information please visit https://docs.papermc.io/paper/profiling
[17:55:54] [Server thread/INFO]: Server Ping Player Sample Count: 30
[17:55:54] [Server thread/INFO]: Using 4 threads for Netty based IO
[17:55:55] [Server thread/INFO]: [ChunkTaskScheduler] Chunk system is using 1 I/O threads, 1 worker threads, and population gen parallelism of 1 threads
[17:55:55] [Server thread/INFO]: Default game type: SURVIVAL
[17:55:55] [Server thread/INFO]: Generating keypair
[17:55:55] [Server thread/INFO]: Starting Minecraft server on *:25565
[17:55:55] [Server thread/INFO]: Using epoll channel type
[17:55:55] [Server thread/INFO]: Paper: Using libdeflate (Linux x86_64) compression from Velocity.
[17:55:55] [Server thread/INFO]: Paper: Using OpenSSL 3.x.x (Linux x86_64) cipher from Velocity.
[17:55:56] [Server thread/INFO]: [SpigotLibraryLoader] [Veinminer] Loading 4 libraries... please wait
[17:55:56] [Server thread/INFO]: [SpigotLibraryLoader] [Veinminer] Loaded library /home/runner/work/MC-Server-1/MC-Server-1/libraries/org/jetbrains/kotlin/kotlin-stdlib/2.0.20/kotlin-stdlib-2.0.20.jar
[17:55:56] [Server thread/INFO]: [SpigotLibraryLoader] [Veinminer] Loaded library /home/runner/work/MC-Server-1/MC-Server-1/libraries/org/jetbrains/annotations/13.0/annotations-13.0.jar
[17:55:56] [Server thread/INFO]: [SpigotLibraryLoader] [Veinminer] Loaded library /home/runner/work/MC-Server-1/MC-Server-1/libraries/org/jetbrains/kotlinx/kotlinx-serialization-json/1.7.2/kotlinx-serialization-json-1.7.2.jar
[17:55:56] [Server thread/INFO]: [SpigotLibraryLoader] [Veinminer] Loaded library /home/runner/work/MC-Server-1/MC-Server-1/libraries/org/jetbrains/kotlinx/kotlinx-serialization-json-jvm/1.7.2/kotlinx-serialization-json-jvm-1.7.2.jar
[17:55:56] [Server thread/INFO]: [SpigotLibraryLoader] [Veinminer] Loaded library /home/runner/work/MC-Server-1/MC-Server-1/libraries/org/jetbrains/kotlin/kotlin-stdlib-common/2.0.20/kotlin-stdlib-common-2.0.20.jar
[17:55:56] [Server thread/INFO]: [SpigotLibraryLoader] [Veinminer] Loaded library /home/runner/work/MC-Server-1/MC-Server-1/libraries/org/jetbrains/kotlinx/kotlinx-serialization-core-jvm/1.7.2/kotlinx-serialization-core-jvm-1.7.2.jar
[17:55:56] [Server thread/INFO]: [SpigotLibraryLoader] [Veinminer] Loaded library /home/runner/work/MC-Server-1/MC-Server-1/libraries/org/jetbrains/kotlinx/kotlinx-coroutines-core/1.9.0/kotlinx-coroutines-core-1.9.0.jar
[17:55:56] [Server thread/INFO]: [SpigotLibraryLoader] [Veinminer] Loaded library /home/runner/work/MC-Server-1/MC-Server-1/libraries/org/jetbrains/kotlinx/kotlinx-coroutines-core-jvm/1.9.0/kotlinx-coroutines-core-jvm-1.9.0.jar
[17:55:56] [Server thread/INFO]: [SpigotLibraryLoader] [Veinminer] Loaded library /home/runner/work/MC-Server-1/MC-Server-1/libraries/de/miraculixx/kpaper/1.2.1/kpaper-1.2.1.jar
[17:55:56] [Server thread/INFO]: [SpigotLibraryLoader] [Veinminer] Loaded library /home/runner/work/MC-Server-1/MC-Server-1/libraries/org/jetbrains/kotlinx/kotlinx-coroutines-jdk8/1.7.1/kotlinx-coroutines-jdk8-1.7.1.jar
[17:55:56] [Server thread/INFO]: [SpigotLibraryLoader] [Veinminer] Loaded library /home/runner/work/MC-Server-1/MC-Server-1/libraries/org/jetbrains/kotlin/kotlin-stdlib-jdk8/1.8.22/kotlin-stdlib-jdk8-1.8.22.jar
[17:55:56] [Server thread/INFO]: [SpigotLibraryLoader] [Veinminer] Loaded library /home/runner/work/MC-Server-1/MC-Server-1/libraries/org/jetbrains/kotlin/kotlin-stdlib-jdk7/1.8.22/kotlin-stdlib-jdk7-1.8.22.jar
[17:55:56] [Server thread/WARN]: [org.bukkit.craftbukkit.legacy.CraftLegacy] Initializing Legacy Material Support. Unless you have legacy plugins and/or data this is a bug!
[17:56:03] [Server thread/WARN]: Legacy plugin FarmProtect v1.9.0 does not specify an api-version.
